
SQL*Loader: Release 11.2.0.2.0 - Production on 화 5월 16 11:58:26 2023

Copyright (c) 1982, 2009, Oracle and/or its affiliates.  All rights reserved.

Control File:   myterror.ctl
Data File:      myterror.csv
  Bad File:     myterror.bad
  Discard File:  none specified
 
 (Allow all discards)

Number to load: ALL
Number to skip: 0
Errors allowed: 50
Bind array:     64 rows, maximum of 256000 bytes
Continuation:    none specified
Path used:      Conventional

Table MYTERROR, loaded from every logical record.
Insert option in effect for this table: INSERT
TRAILING NULLCOLS option in effect

   Column Name                  Position   Len  Term Encl Datatype
------------------------------ ---------- ----- ---- ---- ---------------------
EVENTID                             FIRST     *   ,       CHARACTER            
IYEAR                                NEXT     *   ,       CHARACTER            
IMONTH                               NEXT     *   ,       CHARACTER            
IDAY                                 NEXT     *   ,       CHARACTER            
COUNTRY                              NEXT     *   ,       CHARACTER            
COUNTRY_TXT                          NEXT     *   ,       CHARACTER            
REGION                               NEXT     *   ,       CHARACTER            
REGION_TXT                           NEXT     *   ,       CHARACTER            
PROVSTATE                            NEXT     *   ,       CHARACTER            
CITY                                 NEXT     *   ,       CHARACTER            
LATITUDE                             NEXT     *   ,       CHARACTER            
LONGITUDE                            NEXT     *   ,       CHARACTER            

Record 1: Rejected - Error on table MYTERROR, column EVENTID.
ORA-01722: invalid number


Table MYTERROR:
  57196 Rows successfully loaded.
  1 Row not loaded due to data errors.
  0 Rows not loaded because all WHEN clauses were failed.
  0 Rows not loaded because all fields were null.


Space allocated for bind array:                 198144 bytes(64 rows)
Read   buffer bytes: 1048576

Total logical records skipped:          0
Total logical records read:         57197
Total logical records rejected:         1
Total logical records discarded:        0

Run began on 화 5월  16 11:58:26 2023
Run ended on 화 5월  16 11:58:29 2023

Elapsed time was:     00:00:03.47
CPU time was:         00:00:00.39
